2020-04-15 22:54:49,082 INFO o.a.j.u.JMeterUtils: Setting Locale to en_EN
2020-04-15 22:54:49,140 INFO o.a.j.JMeter: Loading user properties from: /usr/local/Cellar/jmeter/5.2.1/libexec/bin/user.properties
2020-04-15 22:54:49,141 INFO o.a.j.JMeter: Loading system properties from: /usr/local/Cellar/jmeter/5.2.1/libexec/bin/system.properties
2020-04-15 22:54:49,143 INFO o.a.j.JMeter: Copyright (c) 1998-2019 The Apache Software Foundation
2020-04-15 22:54:49,143 INFO o.a.j.JMeter: Version 5.2.1
2020-04-15 22:54:49,143 INFO o.a.j.JMeter: java.version=13.0.2
2020-04-15 22:54:49,143 INFO o.a.j.JMeter: java.vm.name=Java HotSpot(TM) 64-Bit Server VM
2020-04-15 22:54:49,144 INFO o.a.j.JMeter: os.name=Mac OS X
2020-04-15 22:54:49,144 INFO o.a.j.JMeter: os.arch=x86_64
2020-04-15 22:54:49,144 INFO o.a.j.JMeter: os.version=10.14.6
2020-04-15 22:54:49,144 INFO o.a.j.JMeter: file.encoding=UTF-8
2020-04-15 22:54:49,144 INFO o.a.j.JMeter: java.awt.headless=null
2020-04-15 22:54:49,144 INFO o.a.j.JMeter: Max memory     =1073741824
2020-04-15 22:54:49,144 INFO o.a.j.JMeter: Available Processors =4
2020-04-15 22:54:49,160 INFO o.a.j.JMeter: Default Locale=English (EN)
2020-04-15 22:54:49,161 INFO o.a.j.JMeter: JMeter  Locale=English (EN)
2020-04-15 22:54:49,161 INFO o.a.j.JMeter: JMeterHome=/usr/local/Cellar/jmeter/5.2.1/libexec
2020-04-15 22:54:49,161 INFO o.a.j.JMeter: user.dir  =/Users/happycloudpak/bmt/workload/jmeter
2020-04-15 22:54:49,161 INFO o.a.j.JMeter: PWD       =/Users/happycloudpak/bmt/workload/jmeter
2020-04-15 22:54:49,163 INFO o.a.j.JMeter: IP: 10.250.73.129 Name: ihaegyeong-ui-MacBookPro.local FullName: 10.250.73.129
2020-04-15 22:54:51,774 INFO o.a.j.g.a.LookAndFeelCommand: Installing Darcula LAF
2020-04-15 22:54:51,784 INFO o.a.j.g.a.LookAndFeelCommand: Using look and feel: com.bulenkov.darcula.DarculaLaf [Darcula]
2020-04-15 22:54:51,784 INFO o.a.j.JMeter: Setting LAF to: com.bulenkov.darcula.DarculaLaf
2020-04-15 22:54:51,911 INFO o.a.j.JMeter: Loaded icon properties from org/apache/jmeter/images/icon.properties
2020-04-15 22:54:52,922 INFO o.j.r.JARSourceHTTP: Found cached repo
2020-04-15 22:54:53,145 INFO o.j.r.PluginManager: Plugins Status: [jpgc-plugins-manager=1.3, jmeter-core=5.2.1, jmeter-ftp=5.2.1, jmeter-http=5.2.1, jmeter-jdbc=5.2.1, jmeter-jms=5.2.1, jmeter-junit=5.2.1, jmeter-java=5.2.1, jmeter-ldap=5.2.1, jmeter-mail=5.2.1, jmeter-mongodb=5.2.1, jmeter-native=5.2.1, jmeter-tcp=5.2.1, jmeter-components=5.2.1]
2020-04-15 22:54:53,147 INFO o.j.r.PluginManagerMenuItem: Plugins Manager has upgrades: [jpgc-plugins-manager]
2020-04-15 22:54:55,183 INFO o.a.j.p.h.s.HTTPSamplerBase: Parser for text/html is org.apache.jmeter.protocol.http.parser.LagartoBasedHtmlParser
2020-04-15 22:54:55,184 INFO o.a.j.p.h.s.HTTPSamplerBase: Parser for application/xhtml+xml is org.apache.jmeter.protocol.http.parser.LagartoBasedHtmlParser
2020-04-15 22:54:55,184 INFO o.a.j.p.h.s.HTTPSamplerBase: Parser for application/xml is org.apache.jmeter.protocol.http.parser.LagartoBasedHtmlParser
2020-04-15 22:54:55,184 INFO o.a.j.p.h.s.HTTPSamplerBase: Parser for text/xml is org.apache.jmeter.protocol.http.parser.LagartoBasedHtmlParser
2020-04-15 22:54:55,184 INFO o.a.j.p.h.s.HTTPSamplerBase: Parser for text/vnd.wap.wml is org.apache.jmeter.protocol.http.parser.RegexpHTMLParser
2020-04-15 22:54:55,184 INFO o.a.j.p.h.s.HTTPSamplerBase: Parser for text/css is org.apache.jmeter.protocol.http.parser.CssParser
2020-04-15 22:54:55,586 INFO o.a.j.e.KeyToolUtils: keytool found at 'keytool'
2020-04-15 22:54:55,587 INFO o.a.j.p.h.p.ProxyControl: HTTP(S) Test Script Recorder SSL Proxy will use keys that support embedded 3rd party resources in file /usr/local/Cellar/jmeter/5.2.1/libexec/bin/proxyserver.jks
2020-04-15 22:54:55,770 INFO o.a.j.s.FileServer: Default base='/Users/happycloudpak/bmt/workload/jmeter'
2020-04-15 22:54:56,217 INFO o.a.j.s.SampleResult: Note: Sample TimeStamps are START times
2020-04-15 22:54:56,218 INFO o.a.j.s.SampleResult: sampleresult.default.encoding is set to ISO-8859-1
2020-04-15 22:54:56,218 INFO o.a.j.s.SampleResult: sampleresult.useNanoTime=true
2020-04-15 22:54:56,218 INFO o.a.j.s.SampleResult: sampleresult.nanoThreadSleep=5000
2020-04-15 22:54:56,246 INFO o.a.j.v.ViewResultsFullVisualizer: Add JavaFX to your Java installation if you want to use renderer: org.apache.jmeter.visualizers.RenderInBrowser
2020-04-15 22:55:00,265 INFO o.a.j.g.a.Load: Loading file: /Users/happycloudpak/bmt/workload/jmeter/nftest.jmx
2020-04-15 22:55:00,265 INFO o.a.j.s.FileServer: Set new base='/Users/happycloudpak/bmt/workload/jmeter'
2020-04-15 22:55:00,468 INFO o.a.j.s.SaveService: Testplan (JMX) version: 2.2. Testlog (JTL) version: 2.2
2020-04-15 22:55:00,478 INFO o.a.j.s.SaveService: Using SaveService properties version 5.0
2020-04-15 22:55:00,481 INFO o.a.j.s.SaveService: Using SaveService properties file encoding UTF-8
2020-04-15 22:55:00,483 INFO o.a.j.s.SaveService: Loading file: /Users/happycloudpak/bmt/workload/jmeter/nftest.jmx
2020-04-15 22:55:00,749 INFO o.a.j.v.ViewResultsFullVisualizer: Add JavaFX to your Java installation if you want to use renderer: org.apache.jmeter.visualizers.RenderInBrowser
2020-04-15 22:55:00,780 INFO o.a.j.s.FileServer: Set new base='/Users/happycloudpak/bmt/workload/jmeter'
2020-04-15 22:55:16,288 WARN o.a.j.s.CSVSaveService: Unknown column name timeStamp	elapsed	label	responseCode	responseMessage	threadName	dataType	success	failureMessage	bytes	sentBytes	grpThreads	allThreads	Latency	IdleTime	Connect
2020-04-15 22:55:16,304 WARN o.a.j.s.CSVSaveService: Default delimiter ',' did not work; using alternate '	' for reading /Users/happycloudpak/bmt/workload/jmeter/results/jmeter.jtl
2020-04-15 22:55:16,307 INFO o.a.j.s.SampleEvent: List of sample_variables: []
2020-04-15 22:55:42,137 WARN o.a.j.s.CSVSaveService: Unknown column name timeStamp	elapsed	label	responseCode	responseMessage	threadName	dataType	success	failureMessage	bytes	sentBytes	grpThreads	allThreads	Latency	IdleTime	Connect
2020-04-15 22:55:42,138 WARN o.a.j.s.CSVSaveService: Default delimiter ',' did not work; using alternate '	' for reading /Users/happycloudpak/bmt/workload/jmeter/results/jmeter.jtl
2020-04-15 22:55:54,807 WARN o.a.j.s.CSVSaveService: Unknown column name timeStamp	elapsed	label	responseCode	responseMessage	threadName	dataType	success	failureMessage	bytes	sentBytes	grpThreads	allThreads	Latency	IdleTime	Connect
2020-04-15 22:55:54,808 WARN o.a.j.s.CSVSaveService: Default delimiter ',' did not work; using alternate '	' for reading /Users/happycloudpak/bmt/workload/jmeter/results/jmeter.jtl
2020-04-15 23:00:33,195 INFO o.a.j.e.StandardJMeterEngine: Running the test!
2020-04-15 23:00:33,197 INFO o.a.j.s.SampleEvent: List of sample_variables: []
2020-04-15 23:00:33,199 INFO o.a.j.e.u.CompoundVariable: Note: Function class names must contain the string: '.functions.'
2020-04-15 23:00:33,200 INFO o.a.j.e.u.CompoundVariable: Note: Function class names must not contain the string: '.gui.'
2020-04-15 23:00:33,473 INFO o.a.j.g.u.JMeterMenuBar: setRunning(true, *local*)
2020-04-15 23:00:33,554 INFO o.a.j.e.StandardJMeterEngine: Starting ThreadGroup: 1 : Thread Group
2020-04-15 23:00:33,555 INFO o.a.j.e.StandardJMeterEngine: Starting 1 threads for group Thread Group.
2020-04-15 23:00:33,555 INFO o.a.j.e.StandardJMeterEngine: Thread will continue on error
2020-04-15 23:00:33,555 INFO o.a.j.t.ThreadGroup: Starting thread group... number=1 threads=1 ramp-up=1 delayedStart=false
2020-04-15 23:00:33,561 INFO o.a.j.t.ThreadGroup: Started thread group number 1
2020-04-15 23:00:33,561 INFO o.a.j.e.StandardJMeterEngine: All thread groups have been started
2020-04-15 23:00:33,570 INFO o.a.j.t.JMeterThread: Thread started: Thread Group 1-1
2020-04-15 23:00:33,588 INFO o.a.j.p.h.s.HTTPHCAbstractImpl: Local host = ihaegyeong-ui-MacBookPro.local
2020-04-15 23:00:33,595 INFO o.a.j.p.h.s.HTTPHC4Impl: HTTP request retry count = 0
2020-04-15 23:00:42,738 INFO o.a.j.u.JsseSSLManager: Using default SSL protocol: TLS
2020-04-15 23:00:42,738 INFO o.a.j.u.JsseSSLManager: SSL session context: per-thread
2020-04-15 23:00:42,761 INFO o.a.j.t.JMeterThread: Thread finished: Thread Group 1-1
2020-04-15 23:00:42,762 INFO o.a.j.e.StandardJMeterEngine: Notifying test listeners of end of test
2020-04-15 23:00:42,763 INFO o.a.j.g.u.JMeterMenuBar: setRunning(false, *local*)
2020-04-15 23:02:04,409 INFO o.a.j.e.StandardJMeterEngine: Running the test!
2020-04-15 23:02:04,410 INFO o.a.j.s.SampleEvent: List of sample_variables: []
2020-04-15 23:02:04,415 INFO o.a.j.g.u.JMeterMenuBar: setRunning(true, *local*)
2020-04-15 23:02:04,478 INFO o.a.j.e.StandardJMeterEngine: Starting ThreadGroup: 1 : Thread Group
2020-04-15 23:02:04,478 INFO o.a.j.e.StandardJMeterEngine: Starting 10 threads for group Thread Group.
2020-04-15 23:02:04,479 INFO o.a.j.e.StandardJMeterEngine: Thread will continue on error
2020-04-15 23:02:04,479 INFO o.a.j.t.ThreadGroup: Starting thread group... number=1 threads=10 ramp-up=1 delayedStart=false
2020-04-15 23:02:04,493 INFO o.a.j.t.JMeterThread: Thread started: Thread Group 1-1
2020-04-15 23:02:04,497 INFO o.a.j.t.ThreadGroup: Started thread group number 1
2020-04-15 23:02:04,498 INFO o.a.j.e.StandardJMeterEngine: All thread groups have been started
2020-04-15 23:02:04,596 INFO o.a.j.t.JMeterThread: Thread started: Thread Group 1-2
2020-04-15 23:02:04,695 INFO o.a.j.t.JMeterThread: Thread started: Thread Group 1-3
2020-04-15 23:02:04,796 INFO o.a.j.t.JMeterThread: Thread started: Thread Group 1-4
2020-04-15 23:02:04,896 INFO o.a.j.t.JMeterThread: Thread started: Thread Group 1-5
2020-04-15 23:02:04,991 INFO o.a.j.t.JMeterThread: Thread started: Thread Group 1-6
2020-04-15 23:02:05,095 INFO o.a.j.t.JMeterThread: Thread started: Thread Group 1-7
2020-04-15 23:02:05,193 INFO o.a.j.t.JMeterThread: Thread started: Thread Group 1-8
2020-04-15 23:02:05,288 INFO o.a.j.t.JMeterThread: Thread started: Thread Group 1-9
2020-04-15 23:02:05,392 INFO o.a.j.t.JMeterThread: Thread started: Thread Group 1-10
2020-04-15 23:02:13,475 INFO o.a.j.t.JMeterThread: Thread finished: Thread Group 1-7
2020-04-15 23:02:13,526 INFO o.a.j.t.JMeterThread: Thread finished: Thread Group 1-4
2020-04-15 23:02:13,554 INFO o.a.j.t.JMeterThread: Thread finished: Thread Group 1-6
2020-04-15 23:02:13,562 INFO o.a.j.t.JMeterThread: Thread finished: Thread Group 1-5
2020-04-15 23:02:13,663 INFO o.a.j.t.JMeterThread: Thread finished: Thread Group 1-9
2020-04-15 23:02:13,747 INFO o.a.j.t.JMeterThread: Thread finished: Thread Group 1-8
2020-04-15 23:02:13,867 INFO o.a.j.t.JMeterThread: Thread finished: Thread Group 1-10
2020-04-15 23:02:14,484 INFO o.a.j.t.JMeterThread: Stopping because end time detected by thread: Thread Group 1-1
2020-04-15 23:02:14,484 INFO o.a.j.t.JMeterThread: Stopping because end time detected by thread: Thread Group 1-3
2020-04-15 23:02:14,484 INFO o.a.j.t.JMeterThread: Stopping because end time detected by thread: Thread Group 1-2
2020-04-15 23:02:14,484 INFO o.a.j.t.JMeterThread: Thread finished: Thread Group 1-1
2020-04-15 23:02:14,484 INFO o.a.j.t.JMeterThread: Thread finished: Thread Group 1-3
2020-04-15 23:02:14,484 INFO o.a.j.t.JMeterThread: Thread finished: Thread Group 1-2
2020-04-15 23:02:14,485 INFO o.a.j.e.StandardJMeterEngine: Notifying test listeners of end of test
2020-04-15 23:02:14,486 INFO o.a.j.g.u.JMeterMenuBar: setRunning(false, *local*)
2020-04-15 23:04:55,991 WARN o.a.j.s.CSVSaveService: Unknown column name timeStamp	elapsed	label	responseCode	responseMessage	threadName	dataType	success	failureMessage	bytes	sentBytes	grpThreads	allThreads	Latency	IdleTime	Connect
2020-04-15 23:04:55,997 WARN o.a.j.s.CSVSaveService: Default delimiter ',' did not work; using alternate '	' for reading /Users/happycloudpak/bmt/workload/jmeter/results/jmeter.jtl
2020-04-15 23:05:05,989 WARN o.a.j.s.CSVSaveService: Unknown column name timeStamp	elapsed	label	responseCode	responseMessage	threadName	dataType	success	failureMessage	bytes	sentBytes	grpThreads	allThreads	Latency	IdleTime	Connect
2020-04-15 23:05:05,990 WARN o.a.j.s.CSVSaveService: Default delimiter ',' did not work; using alternate '	' for reading /Users/happycloudpak/bmt/workload/jmeter/results/jmeter.jtl
